<?xml version="1.0" encoding="UTF-8"?>
<!-- Generated by org.testng.reporters.JUnitReportReporter -->
<testsuite skipped="0" hostname="DESKTOP-5IKRBS2" name="tests.ProfileTest" tests="2" failures="0" timestamp="2021-02-23T21:42:33 CET" time="26.212" errors="0">
  <testcase name="changeProfileImageTest" time="10.409" classname="tests.ProfileTest"/>
  <testcase name="editProfileTest" time="15.803" classname="tests.ProfileTest"/>
</testsuite> <!-- tests.ProfileTest -->
