<?xml version="1.0" encoding="UTF-8"?>
<!-- Generated by org.testng.reporters.JUnitReportReporter -->
<testsuite skipped="0" hostname="DESKTOP-5IKRBS2" name="tests.ProfileTest" tests="2" failures="0" timestamp="2021-02-26T19:42:55 CET" time="73.012" errors="0">
  <testcase name="editProfileTest" time="52.278" classname="tests.ProfileTest"/>
  <testcase name="changeProfileImageTest" time="20.734" classname="tests.ProfileTest"/>
</testsuite> <!-- tests.ProfileTest -->
